[2025-09-23 12:13:57] INFO: CryptoWalletSimulator - === Test de connexion √† PostgreSQL ===
[2025-09-23 12:21:35] INFO: CryptoWalletSimulator - === Test de connexion √† PostgreSQL ===
[2025-09-23 14:04:28] SEVERE: CryptoWalletSimulator - Erreur de connexion √† la base de donn√©es: FATAL: authentification par mot de passe ÔøΩchouÔøΩe pour l'utilisateur  ÔøΩ postgres ÔøΩ
[2025-09-23 14:21:39] INFO: CryptoWalletSimulator - === Test de connexion √† PostgreSQL ===
[2025-09-23 14:21:40] INFO: CryptoWalletSimulator - Connexion √† la base de donn√©es √©tablie avec succ√®s
[2025-09-23 14:21:40] INFO: CryptoWalletSimulator - Connexion r√©ussie √† la base de donn√©es !
[2025-09-23 16:18:43] INFO: CryptoWalletSimulator - === Test de connexion √† PostgreSQL ===
[2025-09-23 16:18:44] INFO: CryptoWalletSimulator - Connexion √† la base de donn√©es √©tablie avec succ√®s
[2025-09-23 16:18:44] INFO: CryptoWalletSimulator - Connexion r√©ussie √† la base de donn√©es !
[2025-09-23 16:52:10] INFO: CryptoWalletSimulator - === Test de connexion √† PostgreSQL ===
[2025-09-23 16:52:11] INFO: CryptoWalletSimulator - Connexion √† la base de donn√©es √©tablie avec succ√®s
[2025-09-23 16:52:11] INFO: CryptoWalletSimulator - Connexion r√©ussie √† la base de donn√©es !
[2025-09-23 17:00:50] INFO: CryptoWalletSimulator - === Test de connexion √† PostgreSQL ===
[2025-09-23 17:00:51] INFO: CryptoWalletSimulator - Connexion √† la base de donn√©es √©tablie avec succ√®s
[2025-09-23 17:00:51] INFO: CryptoWalletSimulator - Connexion r√©ussie √† la base de donn√©es !
[2025-09-24 11:50:48] INFO: CryptoWalletSimulator - === Test de connexion √† PostgreSQL ===
[2025-09-24 11:50:51] INFO: CryptoWalletSimulator - Connexion √† la base de donn√©es √©tablie avec succ√®s
[2025-09-24 11:50:51] INFO: CryptoWalletSimulator - Connexion r√©ussie √† la base de donn√©es !
[2025-09-24 11:50:59] INFO: CryptoWalletSimulator - === Test de connexion √† PostgreSQL ===
[2025-09-24 11:51:02] INFO: CryptoWalletSimulator - Connexion √† la base de donn√©es √©tablie avec succ√®s
[2025-09-24 11:51:02] INFO: CryptoWalletSimulator - Connexion r√©ussie √† la base de donn√©es !
[2025-09-25 14:37:40] INFO: CryptoWalletSimulator - === Test de connexion √† PostgreSQL ===
[2025-09-25 14:37:41] INFO: CryptoWalletSimulator - Connexion √† la base de donn√©es √©tablie avec succ√®s
[2025-09-25 14:37:41] INFO: CryptoWalletSimulator - Connexion r√©ussie √† la base de donn√©es !
[2025-09-26 16:27:25] INFO: CryptoWalletSimulator - Connexion √† la base de donn√©es √©tablie avec succ√®s
[2025-09-26 16:27:25] INFO: CryptoWalletSimulator - Tables de la base de donn√©es initialis√©es avec succ√®s
[2025-09-26 16:27:25] INFO: CryptoWalletSimulator - Base de donn√©es initialis√©e avec succ√®s
[2025-09-26 16:29:23] INFO: CryptoWalletSimulator - Wallet ins√©r√© avec succ√®s: 450b2a67-9808-4f95-ba33-185a38c2e6b1
[2025-09-26 16:29:23] INFO: CryptoWalletSimulator - Nouveau wallet cr√©√©: 450b2a67-9808-4f95-ba33-185a38c2e6b1 - BITCOIN
[2025-09-26 16:43:11] INFO: CryptoWalletSimulator - 15 transactions al√©atoires g√©n√©r√©es dans le mempool
[2025-09-26 16:48:00] INFO: CryptoWalletSimulator - Wallet ins√©r√© avec succ√®s: 9fddaac4-6fa2-40cc-a072-9314525d8870
[2025-09-26 16:48:00] INFO: CryptoWalletSimulator - Nouveau wallet cr√©√©: 9fddaac4-6fa2-40cc-a072-9314525d8870 - BITCOIN
[2025-09-26 16:54:03] INFO: CryptoWalletSimulator - 15 transactions al√©atoires g√©n√©r√©es dans le mempool
[2025-09-26 17:09:20] INFO: CryptoWalletSimulator - Application ferm√©e
[2025-09-27 22:57:41] INFO: CryptoWalletSimulator - Connexion √† la base de donn√©es √©tablie avec succ√®s
[2025-09-27 22:57:41] INFO: CryptoWalletSimulator - Tables de la base de donn√©es initialis√©es avec succ√®s
[2025-09-27 22:57:41] INFO: CryptoWalletSimulator - Base de donn√©es initialis√©e avec succ√®s
[2025-09-27 23:00:25] INFO: CryptoWalletSimulator - Wallet ins√©r√© avec succ√®s: 6cdc701e-d929-4d88-88ee-55917432613b
[2025-09-27 23:00:25] INFO: CryptoWalletSimulator - Nouveau wallet cr√©√©: 6cdc701e-d929-4d88-88ee-55917432613b - BITCOIN
[2025-09-27 23:00:25] INFO: CryptoWalletSimulator - Wallet mis √† jour avec succ√®s: 6cdc701e-d929-4d88-88ee-55917432613b
[2025-09-27 23:00:25] INFO: CryptoWalletSimulator - Solde de test initialis√©: 10.0 BTC
[2025-09-27 23:30:56] INFO: CryptoWalletSimulator - 15 transactions al√©atoires g√©n√©r√©es dans le mempool
[2025-09-27 23:32:46] INFO: CryptoWalletSimulator - Wallet mis √† jour avec succ√®s: 6cdc701e-d929-4d88-88ee-55917432613b
[2025-09-27 23:32:46] INFO: CryptoWalletSimulator - D√©p√¥t effectu√©: Wallet 6cdc701e-d929-4d88-88ee-55917432613b - Montant: 2,000000 BTC - Nouveau solde: 12,000000 BTC
[2025-09-27 23:33:59] INFO: CryptoWalletSimulator - 15 transactions al√©atoires g√©n√©r√©es dans le mempool
[2025-09-27 23:34:30] INFO: CryptoWalletSimulator - 20 transactions al√©atoires g√©n√©r√©es dans le mempool
[2025-09-27 23:34:30] INFO: CryptoWalletSimulator - Mempool vid√©
[2025-09-27 23:35:34] INFO: CryptoWalletSimulator - Transaction ins√©r√©e avec succ√®s: d3fdb368-571b-479e-9605-e9bc8e1456d2
[2025-09-27 23:35:34] INFO: CryptoWalletSimulator - Transaction ajout√©e au mempool: d3fdb368-571b-479e-9605-e9bc8e1456d2
[2025-09-27 23:35:34] INFO: CryptoWalletSimulator - Transaction cr√©√©e: d3fdb368-571b-479e-9605-e9bc8e1456d2 - Montant: 0,100000 - Frais: 0,000216 - Total: 0,100216
[2025-09-27 23:36:25] INFO: CryptoWalletSimulator - 15 transactions al√©atoires g√©n√©r√©es dans le mempool
[2025-09-27 23:39:33] INFO: CryptoWalletSimulator - Application ferm√©e
[2025-09-28 00:51:06] INFO: CryptoWalletSimulator - Connexion √† la base de donn√©es √©tablie avec succ√®s
[2025-09-28 00:51:06] INFO: CryptoWalletSimulator - Tables de la base de donn√©es initialis√©es avec succ√®s
[2025-09-28 00:51:06] INFO: CryptoWalletSimulator - Base de donn√©es initialis√©e avec succ√®s
[2025-09-28 00:51:45] INFO: CryptoWalletSimulator - Wallet ins√©r√© avec succ√®s: 7d13a340-1f28-4aac-b520-d5b4be894697
[2025-09-28 00:51:45] INFO: CryptoWalletSimulator - Nouveau wallet cr√©√©: 7d13a340-1f28-4aac-b520-d5b4be894697 - BITCOIN
[2025-09-28 00:53:21] INFO: CryptoWalletSimulator - Wallet mis √† jour avec succ√®s: 7d13a340-1f28-4aac-b520-d5b4be894697
[2025-09-28 00:53:21] INFO: CryptoWalletSimulator - Wallet cr√©dit√©: 7d13a340-1f28-4aac-b520-d5b4be894697 - Montant: 10,000000 BTC - Nouveau solde: 10,000000 BTC
[2025-09-28 00:54:29] INFO: CryptoWalletSimulator - 20 transactions al√©atoires g√©n√©r√©es dans le mempool
[2025-09-28 00:54:29] INFO: CryptoWalletSimulator - Mempool vid√©
[2025-09-28 00:55:04] INFO: CryptoWalletSimulator - 15 transactions al√©atoires g√©n√©r√©es dans le mempool
[2025-09-28 00:56:16] INFO: CryptoWalletSimulator - Transaction ins√©r√©e avec succ√®s: d8b43b06-ee93-43c1-85de-a633caf12b74
[2025-09-28 00:56:16] INFO: CryptoWalletSimulator - Transaction ajout√©e au mempool: d8b43b06-ee93-43c1-85de-a633caf12b74
[2025-09-28 00:56:16] INFO: CryptoWalletSimulator - Transaction cr√©√©e: d8b43b06-ee93-43c1-85de-a633caf12b74 - Montant: 0,100000 - Frais: 0,000179 - Total: 0,100179
[2025-09-28 00:57:31] INFO: CryptoWalletSimulator - 15 transactions al√©atoires g√©n√©r√©es dans le mempool
[2025-09-28 01:00:27] INFO: CryptoWalletSimulator - Wallet ins√©r√© avec succ√®s: ab88d188-018a-45d2-85a8-2266a1220ca7
[2025-09-28 01:00:27] INFO: CryptoWalletSimulator - Nouveau wallet cr√©√©: ab88d188-018a-45d2-85a8-2266a1220ca7 - ETHEREUM
[2025-09-28 01:01:10] INFO: CryptoWalletSimulator - Wallet mis √† jour avec succ√®s: ab88d188-018a-45d2-85a8-2266a1220ca7
[2025-09-28 01:01:10] INFO: CryptoWalletSimulator - Wallet cr√©dit√©: ab88d188-018a-45d2-85a8-2266a1220ca7 - Montant: 10,000000 ETH - Nouveau solde: 10,000000 ETH
[2025-09-28 01:01:44] INFO: CryptoWalletSimulator - Transaction ins√©r√©e avec succ√®s: d069664b-fd10-48fe-9eab-e247e25f9acf
[2025-09-28 01:01:44] INFO: CryptoWalletSimulator - Transaction ajout√©e au mempool: d069664b-fd10-48fe-9eab-e247e25f9acf
[2025-09-28 01:01:44] INFO: CryptoWalletSimulator - Transaction cr√©√©e: d069664b-fd10-48fe-9eab-e247e25f9acf - Montant: 1,500000 - Frais: 0,004552 - Total: 1,504552
[2025-09-28 01:02:47] INFO: CryptoWalletSimulator - Application ferm√©e
[2025-09-29 10:16:49] INFO: CryptoWalletSimulator - Connexion √† la base de donn√©es √©tablie avec succ√®s
[2025-09-29 10:17:15] INFO: CryptoWalletSimulator - Connexion √† la base de donn√©es √©tablie avec succ√®s
[2025-09-29 10:24:14] INFO: CryptoWalletSimulator - Connexion √† la base de donn√©es √©tablie avec succ√®s
[2025-09-29 10:41:04] INFO: CryptoWalletSimulator - Connexion √† la base de donn√©es √©tablie avec succ√®s
[2025-09-29 10:41:04] INFO: CryptoWalletSimulator - Tables de la base de donn√©es initialis√©es avec succ√®s
[2025-09-29 10:41:04] INFO: CryptoWalletSimulator - Base de donn√©es initialis√©e avec succ√®s
[2025-09-29 10:41:38] INFO: CryptoWalletSimulator - Application ferm√©e
[2025-09-29 10:43:13] INFO: CryptoWalletSimulator - Connexion √† la base de donn√©es √©tablie avec succ√®s
[2025-09-29 10:43:13] INFO: CryptoWalletSimulator - Tables de la base de donn√©es initialis√©es avec succ√®s
[2025-09-29 10:43:13] INFO: CryptoWalletSimulator - Base de donn√©es initialis√©e avec succ√®s
[2025-09-29 10:44:59] INFO: CryptoWalletSimulator - Application ferm√©e
[2025-09-29 10:45:07] INFO: CryptoWalletSimulator - Connexion √† la base de donn√©es √©tablie avec succ√®s
[2025-09-29 10:45:07] INFO: CryptoWalletSimulator - Tables de la base de donn√©es initialis√©es avec succ√®s
[2025-09-29 10:45:07] INFO: CryptoWalletSimulator - Base de donn√©es initialis√©e avec succ√®s
[2025-09-29 10:45:20] INFO: CryptoWalletSimulator - Wallet ins√©r√© avec succ√®s: 6ea339ce-1af1-43e5-9f8f-ed9d2641b90d
[2025-09-29 10:45:20] INFO: CryptoWalletSimulator - Nouveau wallet cr√©√©: 6ea339ce-1af1-43e5-9f8f-ed9d2641b90d - BITCOIN
[2025-09-29 10:48:26] INFO: CryptoWalletSimulator - Wallet mis √† jour avec succ√®s: 6ea339ce-1af1-43e5-9f8f-ed9d2641b90d
[2025-09-29 10:48:26] INFO: CryptoWalletSimulator - Wallet cr√©dit√©: 6ea339ce-1af1-43e5-9f8f-ed9d2641b90d - Montant: 10,000000 BTC - Nouveau solde: 10,000000 BTC
[2025-09-29 10:54:00] INFO: CryptoWalletSimulator - Transaction ins√©r√©e avec succ√®s: ccd6ea64-c76f-4cf8-86fc-0c894af13ab1
[2025-09-29 10:54:00] INFO: CryptoWalletSimulator - Transaction ajout√©e au mempool: ccd6ea64-c76f-4cf8-86fc-0c894af13ab1
[2025-09-29 10:54:00] INFO: CryptoWalletSimulator - Wallet mis √† jour avec succ√®s: 6ea339ce-1af1-43e5-9f8f-ed9d2641b90d
[2025-09-29 10:54:00] INFO: CryptoWalletSimulator - Solde du wallet mis √† jour: 6ea339ce-1af1-43e5-9f8f-ed9d2641b90d - Nouveau solde: 9.499805
[2025-09-29 10:54:00] INFO: CryptoWalletSimulator - Transaction cr√©√©e: ccd6ea64-c76f-4cf8-86fc-0c894af13ab1 - Wallet: 6ea339ce-1af1-43e5-9f8f-ed9d2641b90d - Montant: 0,500000 - Frais: 0,000195 - Nouveau solde: 9,499805
[2025-09-29 11:01:44] INFO: CryptoWalletSimulator - 20 transactions al√©atoires g√©n√©r√©es dans le mempool
[2025-09-29 11:01:44] INFO: CryptoWalletSimulator - Mempool vid√©
[2025-09-29 11:02:10] INFO: CryptoWalletSimulator - 15 transactions al√©atoires g√©n√©r√©es dans le mempool
[2025-09-29 11:04:14] INFO: CryptoWalletSimulator - Application ferm√©e
[2025-09-29 11:12:27] INFO: CryptoWalletSimulator - Connexion √† la base de donn√©es √©tablie avec succ√®s
[2025-09-29 11:12:27] INFO: CryptoWalletSimulator - Tables de la base de donn√©es initialis√©es avec succ√®s
[2025-09-29 11:12:27] INFO: CryptoWalletSimulator - Base de donn√©es initialis√©e avec succ√®s
[2025-09-29 11:13:10] INFO: CryptoWalletSimulator - Application ferm√©e
[2025-09-29 14:39:52] INFO: CryptoWalletSimulator - Connexion √† la base de donn√©es √©tablie avec succ√®s
[2025-09-29 14:39:53] INFO: CryptoWalletSimulator - Tables de la base de donn√©es initialis√©es avec succ√®s
[2025-09-29 14:39:53] INFO: CryptoWalletSimulator - Base de donn√©es initialis√©e avec succ√®s
[2025-09-29 14:41:57] INFO: CryptoWalletSimulator - Wallet ins√©r√© avec succ√®s: bd36f933-94db-459d-a0a9-c31df2340749
[2025-09-29 14:41:57] INFO: CryptoWalletSimulator - Nouveau wallet cr√©√©: bd36f933-94db-459d-a0a9-c31df2340749 - ETHEREUM
[2025-09-29 14:42:08] INFO: CryptoWalletSimulator - Application ferm√©e
[2025-09-30 10:08:22] INFO: CryptoWalletSimulator - Connexion √† la base de donn√©es √©tablie avec succ√®s
[2025-09-30 10:08:22] INFO: CryptoWalletSimulator - Tables de la base de donn√©es initialis√©es avec succ√®s
[2025-09-30 10:08:22] INFO: CryptoWalletSimulator - Base de donn√©es initialis√©e avec succ√®s
[2025-09-30 10:08:46] INFO: CryptoWalletSimulator - Wallet ins√©r√© avec succ√®s: 8f2aa593-dc6e-4072-92ed-dfde0da92e1e
[2025-09-30 10:08:46] INFO: CryptoWalletSimulator - Nouveau wallet cr√©√©: 8f2aa593-dc6e-4072-92ed-dfde0da92e1e - BITCOIN
[2025-09-30 10:11:22] INFO: CryptoWalletSimulator - Wallet mis √† jour avec succ√®s: 8f2aa593-dc6e-4072-92ed-dfde0da92e1e
[2025-09-30 10:11:22] INFO: CryptoWalletSimulator - Wallet cr√©dit√©: 8f2aa593-dc6e-4072-92ed-dfde0da92e1e - Montant: 10,000000 BTC - Nouveau solde: 10,000000 BTC
[2025-09-30 10:13:17] INFO: CryptoWalletSimulator - 20 transactions al√©atoires g√©n√©r√©es dans le mempool
[2025-09-30 10:13:17] INFO: CryptoWalletSimulator - Mempool vid√©
[2025-09-30 10:14:07] INFO: CryptoWalletSimulator - 20 transactions al√©atoires g√©n√©r√©es dans le mempool
[2025-09-30 10:14:07] INFO: CryptoWalletSimulator - Mempool vid√©
[2025-09-30 10:14:31] INFO: CryptoWalletSimulator - 15 transactions al√©atoires g√©n√©r√©es dans le mempool
[2025-09-30 10:16:12] INFO: CryptoWalletSimulator - Transaction ins√©r√©e avec succ√®s: b90643ba-b608-4649-af7c-0bea725c8c8a
[2025-09-30 10:16:12] INFO: CryptoWalletSimulator - Transaction ajout√©e au mempool: b90643ba-b608-4649-af7c-0bea725c8c8a
[2025-09-30 10:16:13] INFO: CryptoWalletSimulator - Wallet mis √† jour avec succ√®s: 8f2aa593-dc6e-4072-92ed-dfde0da92e1e
[2025-09-30 10:16:13] INFO: CryptoWalletSimulator - Solde du wallet mis √† jour: 8f2aa593-dc6e-4072-92ed-dfde0da92e1e - Nouveau solde: 9.899773
[2025-09-30 10:16:13] INFO: CryptoWalletSimulator - Transaction cr√©√©e: b90643ba-b608-4649-af7c-0bea725c8c8a - Wallet: 8f2aa593-dc6e-4072-92ed-dfde0da92e1e - Montant: 0,100000 - Frais: 0,000227 - Nouveau solde: 9,899773
[2025-09-30 10:17:32] INFO: CryptoWalletSimulator - 15 transactions al√©atoires g√©n√©r√©es dans le mempool
[2025-09-30 10:19:13] INFO: CryptoWalletSimulator - Application ferm√©e
[2025-09-30 11:57:44] INFO: CryptoWalletSimulator - Connexion ‡ la base de donnÈes Ètablie avec succËs
[2025-09-30 11:57:44] INFO: CryptoWalletSimulator - Tables de la base de donnÈes initialisÈes avec succËs
[2025-09-30 11:57:44] INFO: CryptoWalletSimulator - Base de donnÈes initialisÈe avec succËs
[2025-09-30 11:58:31] INFO: CryptoWalletSimulator - Wallet insÈrÈ avec succËs: fbaa9a8e-fa88-4fe2-aaeb-69b28c7a6690
[2025-09-30 11:58:31] INFO: CryptoWalletSimulator - Nouveau wallet crÈÈ: fbaa9a8e-fa88-4fe2-aaeb-69b28c7a6690 - BITCOIN
[2025-09-30 11:58:43] INFO: CryptoWalletSimulator - Wallet insÈrÈ avec succËs: 4a934284-c3c0-4abe-ae44-e941a75ec0c5
[2025-09-30 11:58:43] INFO: CryptoWalletSimulator - Nouveau wallet crÈÈ: 4a934284-c3c0-4abe-ae44-e941a75ec0c5 - BITCOIN
[2025-09-30 12:00:03] INFO: CryptoWalletSimulator - Application fermÈe
[2025-09-30 12:06:39] INFO: CryptoWalletSimulator - Connexion ‡ la base de donnÈes Ètablie avec succËs
[2025-09-30 12:06:39] INFO: CryptoWalletSimulator - Tables de la base de donnÈes initialisÈes avec succËs
[2025-09-30 12:06:39] INFO: CryptoWalletSimulator - Base de donnÈes initialisÈe avec succËs
[2025-09-30 12:06:42] INFO: CryptoWalletSimulator - Application fermÈe
[2025-10-06 11:39:26] INFO: CryptoWalletSimulator - Connexion ‡ la base de donnÈes Ètablie avec succËs
[2025-10-06 11:39:26] INFO: CryptoWalletSimulator - Tables de la base de donnÈes initialisÈes avec succËs
[2025-10-06 11:39:26] INFO: CryptoWalletSimulator - Base de donnÈes initialisÈe avec succËs
[2025-10-06 11:39:40] INFO: CryptoWalletSimulator - Wallet insÈrÈ avec succËs: 2b8f1b4d-be71-4062-b0ab-cb4dffeb74f0
[2025-10-06 11:39:40] INFO: CryptoWalletSimulator - Nouveau wallet crÈÈ: 2b8f1b4d-be71-4062-b0ab-cb4dffeb74f0 - BITCOIN
[2025-10-06 11:39:51] INFO: CryptoWalletSimulator - Application fermÈe
